nohup: ignoring input
Cannot import dcn. Ignore this warning if dcn is not used. Otherwise install BasicSR with compiling dcn.
Cannot import selective_scan_cuda. This affects speed.
Disable distributed.
Path already exists. Rename it to /home/vladimirfrants9/Bayesian-Enhancement-Model/experiments/TwoBranch_4_archived_20241209_191513
Path already exists. Rename it to /home/vladimirfrants9/Bayesian-Enhancement-Model/tb_logger/TwoBranch_4_archived_20241209_191513
2024-12-09 19:15:13,639 INFO: 
                ____                _       _____  ____
               / __ ) ____ _ _____ (_)_____/ ___/ / __ \
              / __  |/ __ `// ___// // ___/\__ \ / /_/ /
             / /_/ // /_/ /(__  )/ // /__ ___/ // _, _/
            /_____/ \__,_//____//_/ \___//____//_/ |_|
     ______                   __   __                 __      __
    / ____/____   ____   ____/ /  / /   __  __ _____ / /__   / /
   / / __ / __ \ / __ \ / __  /  / /   / / / // ___// //_/  / /
  / /_/ // /_/ // /_/ // /_/ /  / /___/ /_/ // /__ / /<    /_/
  \____/ \____/ \____/ \____/  /_____/\____/ \___//_/|_|  (_)
    
Version Information: 
	BasicSR: 1.2.0+d419381
	PyTorch: 1.13.1+cu117
	TorchVision: 0.14.1+cu117
2024-12-09 19:15:13,639 INFO: 
  name: TwoBranch_4
  model_type: ImageEnhancer
  scale: 1
  num_gpu: 1
  manual_seed: 100
  condition:[
    type: mean
    scale_down: 16
    noise_level: 0.1
  ]
  datasets:[
    train:[
      name: TrainSet
      type: Dataset_PairedImage_Mask
      dataroot_gt: ./data/LOLv1/Train/target
      dataroot_lq: ./data/LOLv1/Train/input
      geometric_augs: True
      condition:[
        type: mean
        scale_down: 16
        noise_level: 0.1
      ]
      mim:[
        mask_ratio: 0.75
        mask_patch_size: 1
        model_patch_size: 1
      ]
      filename_tmpl: {}
      io_backend:[
        type: disk
      ]
      use_shuffle: True
      num_worker_per_gpu: 8
      batch_size_per_gpu: 8
      mini_batch_sizes: [8]
      iters: [300000]
      gt_size: 128
      gt_sizes: [128]
      dataset_enlarge_ratio: 1
      prefetch_mode: None
      phase: train
      scale: 1
    ]
    val:[
      name: ValSet
      type: Dataset_PairedImage_Mask
      dataroot_gt: ./data/LOLv1/Test/target
      dataroot_lq: ./data/LOLv1/Test/input
      condition:[
        type: mean
        scale_down: 16
        noise_level: 0.1
      ]
      io_backend:[
        type: disk
      ]
      phase: val
      scale: 1
    ]
  ]
  network_g:[
    type: TunedModel
    in_channels: 6
    out_channels: 3
    n_feat: 40
    d_state: [1, 1, 1]
    ssm_ratio: 1
    mlp_ratio: 4
    mlp_type: gdmlp
    use_pixelshuffle: True
    drop_path: 0.0
    sam: False
    stage: 1
    num_blocks: [3, 3, 3]
  ]
  path:[
    pretrain_network_g: None
    strict_load_g: True
    resume_state: None
    experiments_root: /home/vladimirfrants9/Bayesian-Enhancement-Model/experiments/TwoBranch_4
    models: /home/vladimirfrants9/Bayesian-Enhancement-Model/experiments/TwoBranch_4/models
    training_states: /home/vladimirfrants9/Bayesian-Enhancement-Model/experiments/TwoBranch_4/training_states
    log: /home/vladimirfrants9/Bayesian-Enhancement-Model/experiments/TwoBranch_4
    visualization: /home/vladimirfrants9/Bayesian-Enhancement-Model/experiments/TwoBranch_4/visualization
  ]
  train:[
    total_iter: 300000
    warmup_iter: -1
    max_grad_norm: 1
    scheduler:[
      type: CosineAnnealingRestartCyclicLR
      periods: [150000, 46000, 104000]
      restart_weights: [1, 1, 1]
      eta_mins: [0.0002, 0.0002, 1e-06]
    ]
    optim_g:[
      type: AdamW
      lr: 0.0002
      weight_decay: 0.0001
      betas: [0.9, 0.999]
    ]
    mixing_augs:[
      mixup: False
    ]
    pixel_opt:[
      type: L1Loss
      loss_weight: 1
      reduction: mean
    ]
    perceptual_opt:[
      type: PerceptualLoss
      layer_weights:[
        conv5_4: 1
      ]
      vgg_type: vgg19
      use_input_norm: True
      range_norm: False
      perceptual_weight: 0.01
      style_weight: 0
      criterion: l1
    ]
  ]
  val:[
    window_size: 16
    val_freq: 1000.0
    save_img: True
    rgb2bgr: True
    use_image: True
    max_minibatch: 8
    metrics:[
      psnr:[
        type: calculate_psnr
        crop_border: 0
        test_y_channel: False
      ]
      ssim:[
        type: calculate_ssim
        crop_border: 0
        test_y_channel: False
      ]
    ]
  ]
  logger:[
    print_freq: 100
    save_checkpoint_freq: 1000.0
    use_tb_logger: True
    record_grad: False
    wandb:[
      project: underwater
      resume_id: None
    ]
  ]
  dist_params:[
    backend: nccl
    port: 29500
  ]
  dist: False
  rank: 0
  world_size: 1
  auto_resume: False
  is_train: True
  root_path: /home/vladimirfrants9/Bayesian-Enhancement-Model

2024-12-09 19:15:14,394 INFO: Use wandb logger with id=mq6smhbd; project=underwater.
2024-12-09 19:15:14,416 INFO: Dataset [Dataset_PairedImage_Mask] - TrainSet is built.
2024-12-09 19:15:14,416 INFO: Training statistics:
	Number of train images: 485
	Dataset enlarge ratio: 1
	Batch size per gpu: 8
	World size (gpu number): 1
	Require iter number per epoch: 61
	Total epochs: 4919; iters: 300000.
2024-12-09 19:15:14,417 INFO: Dataset [Dataset_PairedImage_Mask] - ValSet is built.
2024-12-09 19:15:14,417 INFO: Number of val images/folders in ValSet: 15
2024-12-09 19:15:14,533 INFO: Network [TunedModel] is created.
2024-12-09 19:15:15,914 INFO: Loss [L1Loss] is created.
2024-12-09 19:15:17,201 INFO: Loss [PerceptualLoss] is created.
TunedModel(
  (first_conv): Conv2d(6, 40, kernel_size=(3, 3), stride=(1, 1), padding=(1, 1))
  (encoders): ModuleList(
    (0): Sequential(
      (0): VSSBlock(
        (norm): LayerNorm2d((40,), eps=1e-05, elementwise_affine=True)
        (op): SS2D(
          (out_norm): LayerNorm2d((40,), eps=1e-05, elementwise_affine=True)
          (in_proj): Linear2d(in_features=40, out_features=40, bias=False)
          (act): SiLU()
          (conv2d): Conv2d(40, 40, kernel_size=(3, 3), stride=(1, 1), padding=(1, 1), groups=40, bias=False)
          (out_act): Identity()
          (out_proj): Linear2d(in_features=40, out_features=40, bias=False)
          (dropout): Identity()
        )
        (drop_path): timm.DropPath(0)
        (norm2): LayerNorm2d((40,), eps=1e-05, elementwise_affine=True)
        (mlp): gdMlp(
          (project_in): Conv2d(40, 320, kernel_size=(1, 1), stride=(1, 1))
          (dwconv): Conv2d(320, 320, kernel_size=(3, 3), stride=(1, 1), padding=(1, 1), groups=320)
          (project_out): Conv2d(160, 40, kernel_size=(1, 1), stride=(1, 1))
          (act): GELU(approximate='none')
        )
      )
      (1): VSSBlock(
        (norm): LayerNorm2d((40,), eps=1e-05, elementwise_affine=True)
        (op): SS2D(
          (out_norm): LayerNorm2d((40,), eps=1e-05, elementwise_affine=True)
          (in_proj): Linear2d(in_features=40, out_features=40, bias=False)
          (act): SiLU()
          (conv2d): Conv2d(40, 40, kernel_size=(3, 3), stride=(1, 1), padding=(1, 1), groups=40, bias=False)
          (out_act): Identity()
          (out_proj): Linear2d(in_features=40, out_features=40, bias=False)
          (dropout): Identity()
        )
        (drop_path): timm.DropPath(0)
        (norm2): LayerNorm2d((40,), eps=1e-05, elementwise_affine=True)
        (mlp): gdMlp(
          (project_in): Conv2d(40, 320, kernel_size=(1, 1), stride=(1, 1))
          (dwconv): Conv2d(320, 320, kernel_size=(3, 3), stride=(1, 1), padding=(1, 1), groups=320)
          (project_out): Conv2d(160, 40, kernel_size=(1, 1), stride=(1, 1))
          (act): GELU(approximate='none')
        )
      )
      (2): VSSBlock(
        (norm): LayerNorm2d((40,), eps=1e-05, elementwise_affine=True)
        (op): SS2D(
          (out_norm): LayerNorm2d((40,), eps=1e-05, elementwise_affine=True)
          (in_proj): Linear2d(in_features=40, out_features=40, bias=False)
          (act): SiLU()
          (conv2d): Conv2d(40, 40, kernel_size=(3, 3), stride=(1, 1), padding=(1, 1), groups=40, bias=False)
          (out_act): Identity()
          (out_proj): Linear2d(in_features=40, out_features=40, bias=False)
          (dropout): Identity()
        )
        (drop_path): timm.DropPath(0)
        (norm2): LayerNorm2d((40,), eps=1e-05, elementwise_affine=True)
        (mlp): gdMlp(
          (project_in): Conv2d(40, 320, kernel_size=(1, 1), stride=(1, 1))
          (dwconv): Conv2d(320, 320, kernel_size=(3, 3), stride=(1, 1), padding=(1, 1), groups=320)
          (project_out): Conv2d(160, 40, kernel_size=(1, 1), stride=(1, 1))
          (act): GELU(approximate='none')
        )
      )
    )
    (1): Sequential(
      (0): VSSBlock(
        (norm): LayerNorm2d((80,), eps=1e-05, elementwise_affine=True)
        (op): SS2D(
          (out_norm): LayerNorm2d((80,), eps=1e-05, elementwise_affine=True)
          (in_proj): Linear2d(in_features=80, out_features=80, bias=False)
          (act): SiLU()
          (conv2d): Conv2d(80, 80, kernel_size=(3, 3), stride=(1, 1), padding=(1, 1), groups=80, bias=False)
          (out_act): Identity()
          (out_proj): Linear2d(in_features=80, out_features=80, bias=False)
          (dropout): Identity()
        )
        (drop_path): timm.DropPath(0)
        (norm2): LayerNorm2d((80,), eps=1e-05, elementwise_affine=True)
        (mlp): gdMlp(
          (project_in): Conv2d(80, 640, kernel_size=(1, 1), stride=(1, 1))
          (dwconv): Conv2d(640, 640, kernel_size=(3, 3), stride=(1, 1), padding=(1, 1), groups=640)
          (project_out): Conv2d(320, 80, kernel_size=(1, 1), stride=(1, 1))
          (act): GELU(approximate='none')
        )
      )
      (1): VSSBlock(
        (norm): LayerNorm2d((80,), eps=1e-05, elementwise_affine=True)
        (op): SS2D(
          (out_norm): LayerNorm2d((80,), eps=1e-05, elementwise_affine=True)
          (in_proj): Linear2d(in_features=80, out_features=80, bias=False)
          (act): SiLU()
          (conv2d): Conv2d(80, 80, kernel_size=(3, 3), stride=(1, 1), padding=(1, 1), groups=80, bias=False)
          (out_act): Identity()
          (out_proj): Linear2d(in_features=80, out_features=80, bias=False)
          (dropout): Identity()
        )
        (drop_path): timm.DropPath(0)
        (norm2): LayerNorm2d((80,), eps=1e-05, elementwise_affine=True)
        (mlp): gdMlp(
          (project_in): Conv2d(80, 640, kernel_size=(1, 1), stride=(1, 1))
          (dwconv): Conv2d(640, 640, kernel_size=(3, 3), stride=(1, 1), padding=(1, 1), groups=640)
          (project_out): Conv2d(320, 80, kernel_size=(1, 1), stride=(1, 1))
          (act): GELU(approximate='none')
        )
      )
      (2): VSSBlock(
        (norm): LayerNorm2d((80,), eps=1e-05, elementwise_affine=True)
        (op): SS2D(
          (out_norm): LayerNorm2d((80,), eps=1e-05, elementwise_affine=True)
          (in_proj): Linear2d(in_features=80, out_features=80, bias=False)
          (act): SiLU()
          (conv2d): Conv2d(80, 80, kernel_size=(3, 3), stride=(1, 1), padding=(1, 1), groups=80, bias=False)
          (out_act): Identity()
          (out_proj): Linear2d(in_features=80, out_features=80, bias=False)
          (dropout): Identity()
        )
        (drop_path): timm.DropPath(0)
        (norm2): LayerNorm2d((80,), eps=1e-05, elementwise_affine=True)
        (mlp): gdMlp(
          (project_in): Conv2d(80, 640, kernel_size=(1, 1), stride=(1, 1))
          (dwconv): Conv2d(640, 640, kernel_size=(3, 3), stride=(1, 1), padding=(1, 1), groups=640)
          (project_out): Conv2d(320, 80, kernel_size=(1, 1), stride=(1, 1))
          (act): GELU(approximate='none')
        )
      )
    )
  )
  (bottleneck): Sequential(
    (0): VSSBlock(
      (norm): LayerNorm2d((160,), eps=1e-05, elementwise_affine=True)
      (op): SS2D(
        (out_norm): LayerNorm2d((160,), eps=1e-05, elementwise_affine=True)
        (in_proj): Linear2d(in_features=160, out_features=160, bias=False)
        (act): SiLU()
        (conv2d): Conv2d(160, 160, kernel_size=(3, 3), stride=(1, 1), padding=(1, 1), groups=160, bias=False)
        (out_act): Identity()
        (out_proj): Linear2d(in_features=160, out_features=160, bias=False)
        (dropout): Identity()
      )
      (drop_path): timm.DropPath(0)
      (norm2): LayerNorm2d((160,), eps=1e-05, elementwise_affine=True)
      (mlp): gdMlp(
        (project_in): Conv2d(160, 1280, kernel_size=(1, 1), stride=(1, 1))
        (dwconv): Conv2d(1280, 1280, kernel_size=(3, 3), stride=(1, 1), padding=(1, 1), groups=1280)
        (project_out): Conv2d(640, 160, kernel_size=(1, 1), stride=(1, 1))
        (act): GELU(approximate='none')
      )
    )
    (1): VSSBlock(
      (norm): LayerNorm2d((160,), eps=1e-05, elementwise_affine=True)
      (op): SS2D(
        (out_norm): LayerNorm2d((160,), eps=1e-05, elementwise_affine=True)
        (in_proj): Linear2d(in_features=160, out_features=160, bias=False)
        (act): SiLU()
        (conv2d): Conv2d(160, 160, kernel_size=(3, 3), stride=(1, 1), padding=(1, 1), groups=160, bias=False)
        (out_act): Identity()
        (out_proj): Linear2d(in_features=160, out_features=160, bias=False)
        (dropout): Identity()
      )
      (drop_path): timm.DropPath(0)
      (norm2): LayerNorm2d((160,), eps=1e-05, elementwise_affine=True)
      (mlp): gdMlp(
        (project_in): Conv2d(160, 1280, kernel_size=(1, 1), stride=(1, 1))
        (dwconv): Conv2d(1280, 1280, kernel_size=(3, 3), stride=(1, 1), padding=(1, 1), groups=1280)
        (project_out): Conv2d(640, 160, kernel_size=(1, 1), stride=(1, 1))
        (act): GELU(approximate='none')
      )
    )
    (2): VSSBlock(
      (norm): LayerNorm2d((160,), eps=1e-05, elementwise_affine=True)
      (op): SS2D(
        (out_norm): LayerNorm2d((160,), eps=1e-05, elementwise_affine=True)
        (in_proj): Linear2d(in_features=160, out_features=160, bias=False)
        (act): SiLU()
        (conv2d): Conv2d(160, 160, kernel_size=(3, 3), stride=(1, 1), padding=(1, 1), groups=160, bias=False)
        (out_act): Identity()
        (out_proj): Linear2d(in_features=160, out_features=160, bias=False)
        (dropout): Identity()
      )
      (drop_path): timm.DropPath(0)
      (norm2): LayerNorm2d((160,), eps=1e-05, elementwise_affine=True)
      (mlp): gdMlp(
        (project_in): Conv2d(160, 1280, kernel_size=(1, 1), stride=(1, 1))
        (dwconv): Conv2d(1280, 1280, kernel_size=(3, 3), stride=(1, 1), padding=(1, 1), groups=1280)
        (project_out): Conv2d(640, 160, kernel_size=(1, 1), stride=(1, 1))
        (act): GELU(approximate='none')
      )
    )
  )
  (decoders): ModuleList(
    (0): ModuleDict(
      (up): ConvTranspose2d(160, 80, kernel_size=(2, 2), stride=(2, 2))
      (fuse): Conv2d(160, 80, kernel_size=(1, 1), stride=(1, 1), bias=False)
      (block): Sequential(
        (0): VSSBlock(
          (norm): LayerNorm2d((80,), eps=1e-05, elementwise_affine=True)
          (op): SS2D(
            (out_norm): LayerNorm2d((80,), eps=1e-05, elementwise_affine=True)
            (in_proj): Linear2d(in_features=80, out_features=80, bias=False)
            (act): SiLU()
            (conv2d): Conv2d(80, 80, kernel_size=(3, 3), stride=(1, 1), padding=(1, 1), groups=80, bias=False)
            (out_act): Identity()
            (out_proj): Linear2d(in_features=80, out_features=80, bias=False)
            (dropout): Identity()
          )
          (drop_path): timm.DropPath(0)
          (norm2): LayerNorm2d((80,), eps=1e-05, elementwise_affine=True)
          (mlp): gdMlp(
            (project_in): Conv2d(80, 640, kernel_size=(1, 1), stride=(1, 1))
            (dwconv): Conv2d(640, 640, kernel_size=(3, 3), stride=(1, 1), padding=(1, 1), groups=640)
            (project_out): Conv2d(320, 80, kernel_size=(1, 1), stride=(1, 1))
            (act): GELU(approximate='none')
          )
        )
        (1): VSSBlock(
          (norm): LayerNorm2d((80,), eps=1e-05, elementwise_affine=True)
          (op): SS2D(
            (out_norm): LayerNorm2d((80,), eps=1e-05, elementwise_affine=True)
            (in_proj): Linear2d(in_features=80, out_features=80, bias=False)
            (act): SiLU()
            (conv2d): Conv2d(80, 80, kernel_size=(3, 3), stride=(1, 1), padding=(1, 1), groups=80, bias=False)
            (out_act): Identity()
            (out_proj): Linear2d(in_features=80, out_features=80, bias=False)
            (dropout): Identity()
          )
          (drop_path): timm.DropPath(0)
          (norm2): LayerNorm2d((80,), eps=1e-05, elementwise_affine=True)
          (mlp): gdMlp(
            (project_in): Conv2d(80, 640, kernel_size=(1, 1), stride=(1, 1))
            (dwconv): Conv2d(640, 640, kernel_size=(3, 3), stride=(1, 1), padding=(1, 1), groups=640)
            (project_out): Conv2d(320, 80, kernel_size=(1, 1), stride=(1, 1))
            (act): GELU(approximate='none')
          )
        )
        (2): VSSBlock(
          (norm): LayerNorm2d((80,), eps=1e-05, elementwise_affine=True)
          (op): SS2D(
            (out_norm): LayerNorm2d((80,), eps=1e-05, elementwise_affine=True)
            (in_proj): Linear2d(in_features=80, out_features=80, bias=False)
            (act): SiLU()
            (conv2d): Conv2d(80, 80, kernel_size=(3, 3), stride=(1, 1), padding=(1, 1), groups=80, bias=False)
            (out_act): Identity()
            (out_proj): Linear2d(in_features=80, out_features=80, bias=False)
            (dropout): Identity()
          )
          (drop_path): timm.DropPath(0)
          (norm2): LayerNorm2d((80,), eps=1e-05, elementwise_affine=True)
          (mlp): gdMlp(
            (project_in): Conv2d(80, 640, kernel_size=(1, 1), stride=(1, 1))
            (dwconv): Conv2d(640, 640, kernel_size=(3, 3), stride=(1, 1), padding=(1, 1), groups=640)
            (project_out): Conv2d(320, 80, kernel_size=(1, 1), stride=(1, 1))
            (act): GELU(approximate='none')
          )
        )
      )
    )
    (1): ModuleDict(
      (up): ConvTranspose2d(80, 40, kernel_size=(2, 2), stride=(2, 2))
      (fuse): Conv2d(80, 40, kernel_size=(1, 1), stride=(1, 1), bias=False)
      (block): Sequential(
        (0): VSSBlock(
          (norm): LayerNorm2d((40,), eps=1e-05, elementwise_affine=True)
          (op): SS2D(
            (out_norm): LayerNorm2d((40,), eps=1e-05, elementwise_affine=True)
            (in_proj): Linear2d(in_features=40, out_features=40, bias=False)
            (act): SiLU()
            (conv2d): Conv2d(40, 40, kernel_size=(3, 3), stride=(1, 1), padding=(1, 1), groups=40, bias=False)
            (out_act): Identity()
            (out_proj): Linear2d(in_features=40, out_features=40, bias=False)
            (dropout): Identity()
          )
          (drop_path): timm.DropPath(0)
          (norm2): LayerNorm2d((40,), eps=1e-05, elementwise_affine=True)
          (mlp): gdMlp(
            (project_in): Conv2d(40, 320, kernel_size=(1, 1), stride=(1, 1))
            (dwconv): Conv2d(320, 320, kernel_size=(3, 3), stride=(1, 1), padding=(1, 1), groups=320)
            (project_out): Conv2d(160, 40, kernel_size=(1, 1), stride=(1, 1))
            (act): GELU(approximate='none')
          )
        )
        (1): VSSBlock(
          (norm): LayerNorm2d((40,), eps=1e-05, elementwise_affine=True)
          (op): SS2D(
            (out_norm): LayerNorm2d((40,), eps=1e-05, elementwise_affine=True)
            (in_proj): Linear2d(in_features=40, out_features=40, bias=False)
            (act): SiLU()
            (conv2d): Conv2d(40, 40, kernel_size=(3, 3), stride=(1, 1), padding=(1, 1), groups=40, bias=False)
            (out_act): Identity()
            (out_proj): Linear2d(in_features=40, out_features=40, bias=False)
            (dropout): Identity()
          )
          (drop_path): timm.DropPath(0)
          (norm2): LayerNorm2d((40,), eps=1e-05, elementwise_affine=True)
          (mlp): gdMlp(
            (project_in): Conv2d(40, 320, kernel_size=(1, 1), stride=(1, 1))
            (dwconv): Conv2d(320, 320, kernel_size=(3, 3), stride=(1, 1), padding=(1, 1), groups=320)
            (project_out): Conv2d(160, 40, kernel_size=(1, 1), stride=(1, 1))
            (act): GELU(approximate='none')
          )
        )
        (2): VSSBlock(
          (norm): LayerNorm2d((40,), eps=1e-05, elementwise_affine=True)
          (op): SS2D(
            (out_norm): LayerNorm2d((40,), eps=1e-05, elementwise_affine=True)
            (in_proj): Linear2d(in_features=40, out_features=40, bias=False)
            (act): SiLU()
            (conv2d): Conv2d(40, 40, kernel_size=(3, 3), stride=(1, 1), padding=(1, 1), groups=40, bias=False)
            (out_act): Identity()
            (out_proj): Linear2d(in_features=40, out_features=40, bias=False)
            (dropout): Identity()
          )
          (drop_path): timm.DropPath(0)
          (norm2): LayerNorm2d((40,), eps=1e-05, elementwise_affine=True)
          (mlp): gdMlp(
            (project_in): Conv2d(40, 320, kernel_size=(1, 1), stride=(1, 1))
            (dwconv): Conv2d(320, 320, kernel_size=(3, 3), stride=(1, 1), padding=(1, 1), groups=320)
            (project_out): Conv2d(160, 40, kernel_size=(1, 1), stride=(1, 1))
            (act): GELU(approximate='none')
          )
        )
      )
    )
  )
  (proj): Conv2d(40, 3, kernel_size=(3, 3), stride=(1, 1), padding=(1, 1))
  (last_act): Identity()
  (down_layers): ModuleList(
    (0): Conv2d(40, 80, kernel_size=(4, 4), stride=(2, 2), padding=(1, 1), bias=False)
    (1): Conv2d(80, 160, kernel_size=(4, 4), stride=(2, 2), padding=(1, 1), bias=False)
  )
  (first_conv2): Conv2d(6, 40, kernel_size=(3, 3), stride=(1, 1), padding=(1, 1))
  (encoders2): ModuleList(
    (0): Sequential(
      (0): VSSBlock(
        (norm): LayerNorm2d((40,), eps=1e-05, elementwise_affine=True)
        (op): SS2D(
          (out_norm): LayerNorm2d((40,), eps=1e-05, elementwise_affine=True)
          (in_proj): Linear2d(in_features=40, out_features=40, bias=False)
          (act): SiLU()
          (conv2d): Conv2d(40, 40, kernel_size=(3, 3), stride=(1, 1), padding=(1, 1), groups=40, bias=False)
          (out_act): Identity()
          (out_proj): Linear2d(in_features=40, out_features=40, bias=False)
          (dropout): Identity()
        )
        (drop_path): timm.DropPath(0)
        (norm2): LayerNorm2d((40,), eps=1e-05, elementwise_affine=True)
        (mlp): gdMlp(
          (project_in): Conv2d(40, 320, kernel_size=(1, 1), stride=(1, 1))
          (dwconv): Conv2d(320, 320, kernel_size=(3, 3), stride=(1, 1), padding=(1, 1), groups=320)
          (project_out): Conv2d(160, 40, kernel_size=(1, 1), stride=(1, 1))
          (act): GELU(approximate='none')
        )
      )
      (1): VSSBlock(
        (norm): LayerNorm2d((40,), eps=1e-05, elementwise_affine=True)
        (op): SS2D(
          (out_norm): LayerNorm2d((40,), eps=1e-05, elementwise_affine=True)
          (in_proj): Linear2d(in_features=40, out_features=40, bias=False)
          (act): SiLU()
          (conv2d): Conv2d(40, 40, kernel_size=(3, 3), stride=(1, 1), padding=(1, 1), groups=40, bias=False)
          (out_act): Identity()
          (out_proj): Linear2d(in_features=40, out_features=40, bias=False)
          (dropout): Identity()
        )
        (drop_path): timm.DropPath(0)
        (norm2): LayerNorm2d((40,), eps=1e-05, elementwise_affine=True)
        (mlp): gdMlp(
          (project_in): Conv2d(40, 320, kernel_size=(1, 1), stride=(1, 1))
          (dwconv): Conv2d(320, 320, kernel_size=(3, 3), stride=(1, 1), padding=(1, 1), groups=320)
          (project_out): Conv2d(160, 40, kernel_size=(1, 1), stride=(1, 1))
          (act): GELU(approximate='none')
        )
      )
      (2): VSSBlock(
        (norm): LayerNorm2d((40,), eps=1e-05, elementwise_affine=True)
        (op): SS2D(
          (out_norm): LayerNorm2d((40,), eps=1e-05, elementwise_affine=True)
          (in_proj): Linear2d(in_features=40, out_features=40, bias=False)
          (act): SiLU()
          (conv2d): Conv2d(40, 40, kernel_size=(3, 3), stride=(1, 1), padding=(1, 1), groups=40, bias=False)
          (out_act): Identity()
          (out_proj): Linear2d(in_features=40, out_features=40, bias=False)
          (dropout): Identity()
        )
        (drop_path): timm.DropPath(0)
        (norm2): LayerNorm2d((40,), eps=1e-05, elementwise_affine=True)
        (mlp): gdMlp(
          (project_in): Conv2d(40, 320, kernel_size=(1, 1), stride=(1, 1))
          (dwconv): Conv2d(320, 320, kernel_size=(3, 3), stride=(1, 1), padding=(1, 1), groups=320)
          (project_out): Conv2d(160, 40, kernel_size=(1, 1), stride=(1, 1))
          (act): GELU(approximate='none')
        )
      )
    )
    (1): Sequential(
      (0): VSSBlock(
        (norm): LayerNorm2d((80,), eps=1e-05, elementwise_affine=True)
        (op): SS2D(
          (out_norm): LayerNorm2d((80,), eps=1e-05, elementwise_affine=True)
          (in_proj): Linear2d(in_features=80, out_features=80, bias=False)
          (act): SiLU()
          (conv2d): Conv2d(80, 80, kernel_size=(3, 3), stride=(1, 1), padding=(1, 1), groups=80, bias=False)
          (out_act): Identity()
          (out_proj): Linear2d(in_features=80, out_features=80, bias=False)
          (dropout): Identity()
        )
        (drop_path): timm.DropPath(0)
        (norm2): LayerNorm2d((80,), eps=1e-05, elementwise_affine=True)
        (mlp): gdMlp(
          (project_in): Conv2d(80, 640, kernel_size=(1, 1), stride=(1, 1))
          (dwconv): Conv2d(640, 640, kernel_size=(3, 3), stride=(1, 1), padding=(1, 1), groups=640)
          (project_out): Conv2d(320, 80, kernel_size=(1, 1), stride=(1, 1))
          (act): GELU(approximate='none')
        )
      )
      (1): VSSBlock(
        (norm): LayerNorm2d((80,), eps=1e-05, elementwise_affine=True)
        (op): SS2D(
          (out_norm): LayerNorm2d((80,), eps=1e-05, elementwise_affine=True)
          (in_proj): Linear2d(in_features=80, out_features=80, bias=False)
          (act): SiLU()
          (conv2d): Conv2d(80, 80, kernel_size=(3, 3), stride=(1, 1), padding=(1, 1), groups=80, bias=False)
          (out_act): Identity()
          (out_proj): Linear2d(in_features=80, out_features=80, bias=False)
          (dropout): Identity()
        )
        (drop_path): timm.DropPath(0)
        (norm2): LayerNorm2d((80,), eps=1e-05, elementwise_affine=True)
        (mlp): gdMlp(
          (project_in): Conv2d(80, 640, kernel_size=(1, 1), stride=(1, 1))
          (dwconv): Conv2d(640, 640, kernel_size=(3, 3), stride=(1, 1), padding=(1, 1), groups=640)
          (project_out): Conv2d(320, 80, kernel_size=(1, 1), stride=(1, 1))
          (act): GELU(approximate='none')
        )
      )
      (2): VSSBlock(
        (norm): LayerNorm2d((80,), eps=1e-05, elementwise_affine=True)
        (op): SS2D(
          (out_norm): LayerNorm2d((80,), eps=1e-05, elementwise_affine=True)
          (in_proj): Linear2d(in_features=80, out_features=80, bias=False)
          (act): SiLU()
          (conv2d): Conv2d(80, 80, kernel_size=(3, 3), stride=(1, 1), padding=(1, 1), groups=80, bias=False)
          (out_act): Identity()
          (out_proj): Linear2d(in_features=80, out_features=80, bias=False)
          (dropout): Identity()
        )
        (drop_path): timm.DropPath(0)
        (norm2): LayerNorm2d((80,), eps=1e-05, elementwise_affine=True)
        (mlp): gdMlp(
          (project_in): Conv2d(80, 640, kernel_size=(1, 1), stride=(1, 1))
          (dwconv): Conv2d(640, 640, kernel_size=(3, 3), stride=(1, 1), padding=(1, 1), groups=640)
          (project_out): Conv2d(320, 80, kernel_size=(1, 1), stride=(1, 1))
          (act): GELU(approximate='none')
        )
      )
    )
  )
  (bottleneck2): Sequential(
    (0): VSSBlock(
      (norm): LayerNorm2d((160,), eps=1e-05, elementwise_affine=True)
      (op): SS2D(
        (out_norm): LayerNorm2d((160,), eps=1e-05, elementwise_affine=True)
        (in_proj): Linear2d(in_features=160, out_features=160, bias=False)
        (act): SiLU()
        (conv2d): Conv2d(160, 160, kernel_size=(3, 3), stride=(1, 1), padding=(1, 1), groups=160, bias=False)
        (out_act): Identity()
        (out_proj): Linear2d(in_features=160, out_features=160, bias=False)
        (dropout): Identity()
      )
      (drop_path): timm.DropPath(0)
      (norm2): LayerNorm2d((160,), eps=1e-05, elementwise_affine=True)
      (mlp): gdMlp(
        (project_in): Conv2d(160, 1280, kernel_size=(1, 1), stride=(1, 1))
        (dwconv): Conv2d(1280, 1280, kernel_size=(3, 3), stride=(1, 1), padding=(1, 1), groups=1280)
        (project_out): Conv2d(640, 160, kernel_size=(1, 1), stride=(1, 1))
        (act): GELU(approximate='none')
      )
    )
    (1): VSSBlock(
      (norm): LayerNorm2d((160,), eps=1e-05, elementwise_affine=True)
      (op): SS2D(
        (out_norm): LayerNorm2d((160,), eps=1e-05, elementwise_affine=True)
        (in_proj): Linear2d(in_features=160, out_features=160, bias=False)
        (act): SiLU()
        (conv2d): Conv2d(160, 160, kernel_size=(3, 3), stride=(1, 1), padding=(1, 1), groups=160, bias=False)
        (out_act): Identity()
        (out_proj): Linear2d(in_features=160, out_features=160, bias=False)
        (dropout): Identity()
      )
      (drop_path): timm.DropPath(0)
      (norm2): LayerNorm2d((160,), eps=1e-05, elementwise_affine=True)
      (mlp): gdMlp(
        (project_in): Conv2d(160, 1280, kernel_size=(1, 1), stride=(1, 1))
        (dwconv): Conv2d(1280, 1280, kernel_size=(3, 3), stride=(1, 1), padding=(1, 1), groups=1280)
        (project_out): Conv2d(640, 160, kernel_size=(1, 1), stride=(1, 1))
        (act): GELU(approximate='none')
      )
    )
    (2): VSSBlock(
      (norm): LayerNorm2d((160,), eps=1e-05, elementwise_affine=True)
      (op): SS2D(
        (out_norm): LayerNorm2d((160,), eps=1e-05, elementwise_affine=True)
        (in_proj): Linear2d(in_features=160, out_features=160, bias=False)
        (act): SiLU()
        (conv2d): Conv2d(160, 160, kernel_size=(3, 3), stride=(1, 1), padding=(1, 1), groups=160, bias=False)
        (out_act): Identity()
        (out_proj): Linear2d(in_features=160, out_features=160, bias=False)
        (dropout): Identity()
      )
      (drop_path): timm.DropPath(0)
      (norm2): LayerNorm2d((160,), eps=1e-05, elementwise_affine=True)
      (mlp): gdMlp(
        (project_in): Conv2d(160, 1280, kernel_size=(1, 1), stride=(1, 1))
        (dwconv): Conv2d(1280, 1280, kernel_size=(3, 3), stride=(1, 1), padding=(1, 1), groups=1280)
        (project_out): Conv2d(640, 160, kernel_size=(1, 1), stride=(1, 1))
        (act): GELU(approximate='none')
      )
    )
  )
  (decoders2): ModuleList(
    (0): ModuleDict(
      (up): ConvTranspose2d(160, 80, kernel_size=(2, 2), stride=(2, 2))
      (fuse): Conv2d(160, 80, kernel_size=(1, 1), stride=(1, 1), bias=False)
      (block): Sequential(
        (0): VSSBlock(
          (norm): LayerNorm2d((80,), eps=1e-05, elementwise_affine=True)
          (op): SS2D(
            (out_norm): LayerNorm2d((80,), eps=1e-05, elementwise_affine=True)
            (in_proj): Linear2d(in_features=80, out_features=80, bias=False)
            (act): SiLU()
            (conv2d): Conv2d(80, 80, kernel_size=(3, 3), stride=(1, 1), padding=(1, 1), groups=80, bias=False)
            (out_act): Identity()
            (out_proj): Linear2d(in_features=80, out_features=80, bias=False)
            (dropout): Identity()
          )
          (drop_path): timm.DropPath(0)
          (norm2): LayerNorm2d((80,), eps=1e-05, elementwise_affine=True)
          (mlp): gdMlp(
            (project_in): Conv2d(80, 640, kernel_size=(1, 1), stride=(1, 1))
            (dwconv): Conv2d(640, 640, kernel_size=(3, 3), stride=(1, 1), padding=(1, 1), groups=640)
            (project_out): Conv2d(320, 80, kernel_size=(1, 1), stride=(1, 1))
            (act): GELU(approximate='none')
          )
        )
        (1): VSSBlock(
          (norm): LayerNorm2d((80,), eps=1e-05, elementwise_affine=True)
          (op): SS2D(
            (out_norm): LayerNorm2d((80,), eps=1e-05, elementwise_affine=True)
            (in_proj): Linear2d(in_features=80, out_features=80, bias=False)
            (act): SiLU()
            (conv2d): Conv2d(80, 80, kernel_size=(3, 3), stride=(1, 1), padding=(1, 1), groups=80, bias=False)
            (out_act): Identity()
            (out_proj): Linear2d(in_features=80, out_features=80, bias=False)
            (dropout): Identity()
          )
          (drop_path): timm.DropPath(0)
          (norm2): LayerNorm2d((80,), eps=1e-05, elementwise_affine=True)
          (mlp): gdMlp(
            (project_in): Conv2d(80, 640, kernel_size=(1, 1), stride=(1, 1))
            (dwconv): Conv2d(640, 640, kernel_size=(3, 3), stride=(1, 1), padding=(1, 1), groups=640)
            (project_out): Conv2d(320, 80, kernel_size=(1, 1), stride=(1, 1))
            (act): GELU(approximate='none')
          )
        )
        (2): VSSBlock(
          (norm): LayerNorm2d((80,), eps=1e-05, elementwise_affine=True)
          (op): SS2D(
            (out_norm): LayerNorm2d((80,), eps=1e-05, elementwise_affine=True)
            (in_proj): Linear2d(in_features=80, out_features=80, bias=False)
            (act): SiLU()
            (conv2d): Conv2d(80, 80, kernel_size=(3, 3), stride=(1, 1), padding=(1, 1), groups=80, bias=False)
            (out_act): Identity()
            (out_proj): Linear2d(in_features=80, out_features=80, bias=False)
            (dropout): Identity()
          )
          (drop_path): timm.DropPath(0)
          (norm2): LayerNorm2d((80,), eps=1e-05, elementwise_affine=True)
          (mlp): gdMlp(
            (project_in): Conv2d(80, 640, kernel_size=(1, 1), stride=(1, 1))
            (dwconv): Conv2d(640, 640, kernel_size=(3, 3), stride=(1, 1), padding=(1, 1), groups=640)
            (project_out): Conv2d(320, 80, kernel_size=(1, 1), stride=(1, 1))
            (act): GELU(approximate='none')
          )
        )
      )
    )
    (1): ModuleDict(
      (up): ConvTranspose2d(80, 40, kernel_size=(2, 2), stride=(2, 2))
      (fuse): Conv2d(80, 40, kernel_size=(1, 1), stride=(1, 1), bias=False)
      (block): Sequential(
        (0): VSSBlock(
          (norm): LayerNorm2d((40,), eps=1e-05, elementwise_affine=True)
          (op): SS2D(
            (out_norm): LayerNorm2d((40,), eps=1e-05, elementwise_affine=True)
            (in_proj): Linear2d(in_features=40, out_features=40, bias=False)
            (act): SiLU()
            (conv2d): Conv2d(40, 40, kernel_size=(3, 3), stride=(1, 1), padding=(1, 1), groups=40, bias=False)
            (out_act): Identity()
            (out_proj): Linear2d(in_features=40, out_features=40, bias=False)
            (dropout): Identity()
          )
          (drop_path): timm.DropPath(0)
          (norm2): LayerNorm2d((40,), eps=1e-05, elementwise_affine=True)
          (mlp): gdMlp(
            (project_in): Conv2d(40, 320, kernel_size=(1, 1), stride=(1, 1))
            (dwconv): Conv2d(320, 320, kernel_size=(3, 3), stride=(1, 1), padding=(1, 1), groups=320)
            (project_out): Conv2d(160, 40, kernel_size=(1, 1), stride=(1, 1))
            (act): GELU(approximate='none')
          )
        )
        (1): VSSBlock(
          (norm): LayerNorm2d((40,), eps=1e-05, elementwise_affine=True)
          (op): SS2D(
            (out_norm): LayerNorm2d((40,), eps=1e-05, elementwise_affine=True)
            (in_proj): Linear2d(in_features=40, out_features=40, bias=False)
            (act): SiLU()
            (conv2d): Conv2d(40, 40, kernel_size=(3, 3), stride=(1, 1), padding=(1, 1), groups=40, bias=False)
            (out_act): Identity()
            (out_proj): Linear2d(in_features=40, out_features=40, bias=False)
            (dropout): Identity()
          )
          (drop_path): timm.DropPath(0)
          (norm2): LayerNorm2d((40,), eps=1e-05, elementwise_affine=True)
          (mlp): gdMlp(
            (project_in): Conv2d(40, 320, kernel_size=(1, 1), stride=(1, 1))
            (dwconv): Conv2d(320, 320, kernel_size=(3, 3), stride=(1, 1), padding=(1, 1), groups=320)
            (project_out): Conv2d(160, 40, kernel_size=(1, 1), stride=(1, 1))
            (act): GELU(approximate='none')
          )
        )
        (2): VSSBlock(
          (norm): LayerNorm2d((40,), eps=1e-05, elementwise_affine=True)
          (op): SS2D(
            (out_norm): LayerNorm2d((40,), eps=1e-05, elementwise_affine=True)
            (in_proj): Linear2d(in_features=40, out_features=40, bias=False)
            (act): SiLU()
            (conv2d): Conv2d(40, 40, kernel_size=(3, 3), stride=(1, 1), padding=(1, 1), groups=40, bias=False)
            (out_act): Identity()
            (out_proj): Linear2d(in_features=40, out_features=40, bias=False)
            (dropout): Identity()
          )
          (drop_path): timm.DropPath(0)
          (norm2): LayerNorm2d((40,), eps=1e-05, elementwise_affine=True)
          (mlp): gdMlp(
            (project_in): Conv2d(40, 320, kernel_size=(1, 1), stride=(1, 1))
            (dwconv): Conv2d(320, 320, kernel_size=(3, 3), stride=(1, 1), padding=(1, 1), groups=320)
            (project_out): Conv2d(160, 40, kernel_size=(1, 1), stride=(1, 1))
            (act): GELU(approximate='none')
          )
        )
      )
    )
  )
  (proj2): Conv2d(40, 3, kernel_size=(3, 3), stride=(1, 1), padding=(1, 1))
  (last_act2): Identity()
  (down_layers2): ModuleList(
    (0): Conv2d(40, 80, kernel_size=(4, 4), stride=(2, 2), padding=(1, 1), bias=False)
    (1): Conv2d(80, 160, kernel_size=(4, 4), stride=(2, 2), padding=(1, 1), bias=False)
  )
  (drop_path): Identity()
  (spatial_attention): SpatialAttention(
    (conv): Conv2d(2, 1, kernel_size=(7, 7), stride=(1, 1), padding=(3, 3), bias=False)
    (sigmoid): Sigmoid()
  )
  (spatial_attention2): SpatialAttention(
    (conv): Conv2d(2, 1, kernel_size=(7, 7), stride=(1, 1), padding=(3, 3), bias=False)
    (sigmoid): Sigmoid()
  )
)
2024-12-09 19:15:17,391 INFO: Start training from epoch: 0, iter: 0
2024-12-09 19:16:07,394 INFO: [TwoBr..][epoch:  1, iter:     100, lr:(2.000e-04,2.000e-04,)] [eta: 1 day, 14:15:06, time (data): 0.500 (0.010)] l_pix: 8.7961e-02 l_percep: 2.6716e+00 
2024-12-09 19:16:54,683 INFO: [TwoBr..][epoch:  3, iter:     200, lr:(2.000e-04,2.000e-04,)] [eta: 1 day, 14:48:25, time (data): 0.486 (0.010)] l_pix: 6.3129e-02 l_percep: 2.3237e+00 
2024-12-09 19:17:41,584 INFO: [TwoBr..][epoch:  4, iter:     300, lr:(2.000e-04,2.000e-04,)] [eta: 1 day, 14:52:39, time (data): 0.469 (0.007)] l_pix: 5.1440e-02 l_percep: 2.1387e+00 
2024-12-09 19:18:28,827 INFO: [TwoBr..][epoch:  6, iter:     400, lr:(2.000e-04,2.000e-04,)] [eta: 1 day, 14:58:38, time (data): 0.471 (0.009)] l_pix: 5.6525e-02 l_percep: 2.2464e+00 
2024-12-09 19:19:16,189 INFO: [TwoBr..][epoch:  8, iter:     500, lr:(2.000e-04,2.000e-04,)] [eta: 1 day, 15:03:06, time (data): 0.474 (0.011)] l_pix: 4.5245e-02 l_percep: 2.0088e+00 
2024-12-09 19:20:03,174 INFO: [TwoBr..][epoch:  9, iter:     600, lr:(2.000e-04,2.000e-04,)] [eta: 1 day, 15:02:41, time (data): 0.472 (0.009)] l_pix: 4.6696e-02 l_percep: 1.7140e+00 
2024-12-09 19:20:50,557 INFO: [TwoBr..][epoch: 11, iter:     700, lr:(2.000e-04,2.000e-04,)] [eta: 1 day, 15:05:00, time (data): 0.469 (0.007)] l_pix: 4.3708e-02 l_percep: 1.7610e+00 
2024-12-09 19:21:37,908 INFO: [TwoBr..][epoch: 13, iter:     800, lr:(2.000e-04,2.000e-04,)] [eta: 1 day, 15:06:20, time (data): 0.471 (0.009)] l_pix: 3.9817e-02 l_percep: 1.7460e+00 
2024-12-09 19:22:24,869 INFO: [TwoBr..][epoch: 14, iter:     900, lr:(2.000e-04,2.000e-04,)] [eta: 1 day, 15:05:03, time (data): 0.469 (0.007)] l_pix: 5.3977e-02 l_percep: 1.8283e+00 
2024-12-09 19:23:12,559 INFO: [TwoBr..][epoch: 16, iter:   1,000, lr:(2.000e-04,2.000e-04,)] [eta: 1 day, 15:07:29, time (data): 0.473 (0.009)] l_pix: 5.0430e-02 l_percep: 1.3491e+00 
2024-12-09 19:23:12,560 INFO: Saving models and training states.
2024-12-09 19:23:18,665 INFO: Validation ValSet,		 # psnr: 25.1651	 # ssim: 0.8001
2024-12-09 19:24:05,959 INFO: [TwoBr..][epoch: 18, iter:   1,100, lr:(2.000e-04,2.000e-04,)] [eta: 1 day, 15:35:11, time (data): 0.472 (0.011)] l_pix: 4.4590e-02 l_percep: 1.7747e+00 
2024-12-09 19:24:52,838 INFO: [TwoBr..][epoch: 19, iter:   1,200, lr:(2.000e-04,2.000e-04,)] [eta: 1 day, 15:31:04, time (data): 0.470 (0.009)] l_pix: 4.2118e-02 l_percep: 1.8598e+00 
2024-12-09 19:25:40,423 INFO: [TwoBr..][epoch: 21, iter:   1,300, lr:(2.000e-04,2.000e-04,)] [eta: 1 day, 15:30:10, time (data): 0.472 (0.007)] l_pix: 3.8292e-02 l_percep: 1.3278e+00 
2024-12-09 19:26:27,821 INFO: [TwoBr..][epoch: 23, iter:   1,400, lr:(2.000e-04,2.000e-04,)] [eta: 1 day, 15:28:37, time (data): 0.473 (0.009)] l_pix: 3.5615e-02 l_percep: 1.5618e+00 
2024-12-09 19:27:14,921 INFO: [TwoBr..][epoch: 24, iter:   1,500, lr:(2.000e-04,2.000e-04,)] [eta: 1 day, 15:26:11, time (data): 0.471 (0.009)] l_pix: 3.3253e-02 l_percep: 1.3920e+00 
