nohup: ignoring input
Cannot import dcn. Ignore this warning if dcn is not used. Otherwise install BasicSR with compiling dcn.
Cannot import selective_scan_cuda. This affects speed.
Disable distributed.
Path already exists. Rename it to /home/vladimirfrants9/Bayesian-Enhancement-Model/experiments/TwoBranch_2_archived_20241209_122608
Path already exists. Rename it to /home/vladimirfrants9/Bayesian-Enhancement-Model/tb_logger/TwoBranch_2_archived_20241209_122608
2024-12-09 12:26:08,717 INFO: 
                ____                _       _____  ____
               / __ ) ____ _ _____ (_)_____/ ___/ / __ \
              / __  |/ __ `// ___// // ___/\__ \ / /_/ /
             / /_/ // /_/ /(__  )/ // /__ ___/ // _, _/
            /_____/ \__,_//____//_/ \___//____//_/ |_|
     ______                   __   __                 __      __
    / ____/____   ____   ____/ /  / /   __  __ _____ / /__   / /
   / / __ / __ \ / __ \ / __  /  / /   / / / // ___// //_/  / /
  / /_/ // /_/ // /_/ // /_/ /  / /___/ /_/ // /__ / /<    /_/
  \____/ \____/ \____/ \____/  /_____/\____/ \___//_/|_|  (_)
    
Version Information: 
	BasicSR: 1.2.0+d419381
	PyTorch: 1.13.1+cu117
	TorchVision: 0.14.1+cu117
2024-12-09 12:26:08,717 INFO: 
  name: TwoBranch_2
  model_type: ImageEnhancer
  scale: 1
  num_gpu: 1
  manual_seed: 100
  condition:[
    type: mean
    scale_down: 16
    noise_level: 0.1
  ]
  datasets:[
    train:[
      name: TrainSet
      type: Dataset_PairedImage_Mask
      dataroot_gt: ./data/LOLv1/Train/target
      dataroot_lq: ./data/LOLv1/Train/input
      geometric_augs: True
      condition:[
        type: mean
        scale_down: 16
        noise_level: 0.1
      ]
      mim:[
        mask_ratio: 0.75
        mask_patch_size: 1
        model_patch_size: 1
      ]
      filename_tmpl: {}
      io_backend:[
        type: disk
      ]
      use_shuffle: True
      num_worker_per_gpu: 8
      batch_size_per_gpu: 8
      mini_batch_sizes: [8]
      iters: [300000]
      gt_size: 128
      gt_sizes: [128]
      dataset_enlarge_ratio: 1
      prefetch_mode: None
      phase: train
      scale: 1
    ]
    val:[
      name: ValSet
      type: Dataset_PairedImage_Mask
      dataroot_gt: ./data/LOLv1/Test/target
      dataroot_lq: ./data/LOLv1/Test/input
      condition:[
        type: mean
        scale_down: 16
        noise_level: 0.1
      ]
      io_backend:[
        type: disk
      ]
      phase: val
      scale: 1
    ]
  ]
  network_g:[
    type: TwoBranchVMUNet
    in_channels: 6
    out_channels: 3
    n_feat: 32
    d_state: [1, 1, 1]
    ssm_ratio: 1
    mlp_ratio: 4
    mlp_type: gdmlp
    use_pixelshuffle: True
    drop_path: 0.0
    sam: False
    stage: 1
    num_blocks: [2, 2, 2]
    cross_attention_dim: 32
  ]
  path:[
    pretrain_network_g: None
    strict_load_g: True
    resume_state: None
    experiments_root: /home/vladimirfrants9/Bayesian-Enhancement-Model/experiments/TwoBranch_2
    models: /home/vladimirfrants9/Bayesian-Enhancement-Model/experiments/TwoBranch_2/models
    training_states: /home/vladimirfrants9/Bayesian-Enhancement-Model/experiments/TwoBranch_2/training_states
    log: /home/vladimirfrants9/Bayesian-Enhancement-Model/experiments/TwoBranch_2
    visualization: /home/vladimirfrants9/Bayesian-Enhancement-Model/experiments/TwoBranch_2/visualization
  ]
  train:[
    total_iter: 300000
    warmup_iter: -1
    max_grad_norm: 1
    scheduler:[
      type: CosineAnnealingRestartCyclicLR
      periods: [150000, 46000, 104000]
      restart_weights: [1, 1, 1]
      eta_mins: [0.0002, 0.0002, 1e-06]
    ]
    optim_g:[
      type: AdamW
      lr: 0.0002
      weight_decay: 0.0001
      betas: [0.9, 0.999]
    ]
    mixing_augs:[
      mixup: False
    ]
    pixel_opt:[
      type: L1Loss
      loss_weight: 1
      reduction: mean
    ]
    perceptual_opt:[
      type: PerceptualLoss
      layer_weights:[
        conv5_4: 1
      ]
      vgg_type: vgg19
      use_input_norm: True
      range_norm: False
      perceptual_weight: 0.01
      style_weight: 0
      criterion: l1
    ]
  ]
  val:[
    window_size: 16
    val_freq: 1000.0
    save_img: True
    rgb2bgr: True
    use_image: True
    max_minibatch: 8
    metrics:[
      psnr:[
        type: calculate_psnr
        crop_border: 0
        test_y_channel: False
      ]
      ssim:[
        type: calculate_ssim
        crop_border: 0
        test_y_channel: False
      ]
    ]
  ]
  logger:[
    print_freq: 100
    save_checkpoint_freq: 1000.0
    use_tb_logger: True
    record_grad: False
    wandb:[
      project: underwater
      resume_id: None
    ]
  ]
  dist_params:[
    backend: nccl
    port: 29500
  ]
  dist: False
  rank: 0
  world_size: 1
  auto_resume: False
  is_train: True
  root_path: /home/vladimirfrants9/Bayesian-Enhancement-Model

2024-12-09 12:26:09,447 INFO: Use wandb logger with id=5dplghsl; project=underwater.
2024-12-09 12:26:09,470 INFO: Dataset [Dataset_PairedImage_Mask] - TrainSet is built.
2024-12-09 12:26:09,470 INFO: Training statistics:
	Number of train images: 485
	Dataset enlarge ratio: 1
	Batch size per gpu: 8
	World size (gpu number): 1
	Require iter number per epoch: 61
	Total epochs: 4919; iters: 300000.
2024-12-09 12:26:09,471 INFO: Dataset [Dataset_PairedImage_Mask] - ValSet is built.
2024-12-09 12:26:09,471 INFO: Number of val images/folders in ValSet: 15
2024-12-09 12:26:09,541 INFO: Network [TwoBranchVMUNet] is created.
2024-12-09 12:26:10,873 INFO: Loss [L1Loss] is created.
2024-12-09 12:26:12,149 INFO: Loss [PerceptualLoss] is created.
TwoBranchVMUNet(
  (last_act): Identity()
  (branch1_first_conv): Conv2d(2, 32, kernel_size=(3, 3), stride=(1, 1), padding=(1, 1))
  (branch1_encoders): ModuleList(
    (0): Sequential(
      (0): VSSBlock(
        (norm): LayerNorm2d((32,), eps=1e-05, elementwise_affine=True)
        (op): SS2D(
          (out_norm): LayerNorm2d((32,), eps=1e-05, elementwise_affine=True)
          (in_proj): Linear2d(in_features=32, out_features=32, bias=False)
          (act): SiLU()
          (conv2d): Conv2d(32, 32, kernel_size=(3, 3), stride=(1, 1), padding=(1, 1), groups=32, bias=False)
          (out_act): Identity()
          (out_proj): Linear2d(in_features=32, out_features=32, bias=False)
          (dropout): Identity()
        )
        (drop_path): timm.DropPath(0)
        (norm2): LayerNorm2d((32,), eps=1e-05, elementwise_affine=True)
        (mlp): gdMlp(
          (project_in): Conv2d(32, 256, kernel_size=(1, 1), stride=(1, 1))
          (dwconv): Conv2d(256, 256, kernel_size=(3, 3), stride=(1, 1), padding=(1, 1), groups=256)
          (project_out): Conv2d(128, 32, kernel_size=(1, 1), stride=(1, 1))
          (act): GELU(approximate='none')
        )
      )
      (1): VSSBlock(
        (norm): LayerNorm2d((32,), eps=1e-05, elementwise_affine=True)
        (op): SS2D(
          (out_norm): LayerNorm2d((32,), eps=1e-05, elementwise_affine=True)
          (in_proj): Linear2d(in_features=32, out_features=32, bias=False)
          (act): SiLU()
          (conv2d): Conv2d(32, 32, kernel_size=(3, 3), stride=(1, 1), padding=(1, 1), groups=32, bias=False)
          (out_act): Identity()
          (out_proj): Linear2d(in_features=32, out_features=32, bias=False)
          (dropout): Identity()
        )
        (drop_path): timm.DropPath(0)
        (norm2): LayerNorm2d((32,), eps=1e-05, elementwise_affine=True)
        (mlp): gdMlp(
          (project_in): Conv2d(32, 256, kernel_size=(1, 1), stride=(1, 1))
          (dwconv): Conv2d(256, 256, kernel_size=(3, 3), stride=(1, 1), padding=(1, 1), groups=256)
          (project_out): Conv2d(128, 32, kernel_size=(1, 1), stride=(1, 1))
          (act): GELU(approximate='none')
        )
      )
    )
    (1): Sequential(
      (0): VSSBlock(
        (norm): LayerNorm2d((64,), eps=1e-05, elementwise_affine=True)
        (op): SS2D(
          (out_norm): LayerNorm2d((64,), eps=1e-05, elementwise_affine=True)
          (in_proj): Linear2d(in_features=64, out_features=64, bias=False)
          (act): SiLU()
          (conv2d): Conv2d(64, 64, kernel_size=(3, 3), stride=(1, 1), padding=(1, 1), groups=64, bias=False)
          (out_act): Identity()
          (out_proj): Linear2d(in_features=64, out_features=64, bias=False)
          (dropout): Identity()
        )
        (drop_path): timm.DropPath(0)
        (norm2): LayerNorm2d((64,), eps=1e-05, elementwise_affine=True)
        (mlp): gdMlp(
          (project_in): Conv2d(64, 512, kernel_size=(1, 1), stride=(1, 1))
          (dwconv): Conv2d(512, 512, kernel_size=(3, 3), stride=(1, 1), padding=(1, 1), groups=512)
          (project_out): Conv2d(256, 64, kernel_size=(1, 1), stride=(1, 1))
          (act): GELU(approximate='none')
        )
      )
      (1): VSSBlock(
        (norm): LayerNorm2d((64,), eps=1e-05, elementwise_affine=True)
        (op): SS2D(
          (out_norm): LayerNorm2d((64,), eps=1e-05, elementwise_affine=True)
          (in_proj): Linear2d(in_features=64, out_features=64, bias=False)
          (act): SiLU()
          (conv2d): Conv2d(64, 64, kernel_size=(3, 3), stride=(1, 1), padding=(1, 1), groups=64, bias=False)
          (out_act): Identity()
          (out_proj): Linear2d(in_features=64, out_features=64, bias=False)
          (dropout): Identity()
        )
        (drop_path): timm.DropPath(0)
        (norm2): LayerNorm2d((64,), eps=1e-05, elementwise_affine=True)
        (mlp): gdMlp(
          (project_in): Conv2d(64, 512, kernel_size=(1, 1), stride=(1, 1))
          (dwconv): Conv2d(512, 512, kernel_size=(3, 3), stride=(1, 1), padding=(1, 1), groups=512)
          (project_out): Conv2d(256, 64, kernel_size=(1, 1), stride=(1, 1))
          (act): GELU(approximate='none')
        )
      )
    )
  )
  (branch1_bottleneck): Sequential(
    (0): VSSBlock(
      (norm): LayerNorm2d((128,), eps=1e-05, elementwise_affine=True)
      (op): SS2D(
        (out_norm): LayerNorm2d((128,), eps=1e-05, elementwise_affine=True)
        (in_proj): Linear2d(in_features=128, out_features=128, bias=False)
        (act): SiLU()
        (conv2d): Conv2d(128, 128, kernel_size=(3, 3), stride=(1, 1), padding=(1, 1), groups=128, bias=False)
        (out_act): Identity()
        (out_proj): Linear2d(in_features=128, out_features=128, bias=False)
        (dropout): Identity()
      )
      (drop_path): timm.DropPath(0)
      (norm2): LayerNorm2d((128,), eps=1e-05, elementwise_affine=True)
      (mlp): gdMlp(
        (project_in): Conv2d(128, 1024, kernel_size=(1, 1), stride=(1, 1))
        (dwconv): Conv2d(1024, 1024, kernel_size=(3, 3), stride=(1, 1), padding=(1, 1), groups=1024)
        (project_out): Conv2d(512, 128, kernel_size=(1, 1), stride=(1, 1))
        (act): GELU(approximate='none')
      )
    )
    (1): VSSBlock(
      (norm): LayerNorm2d((128,), eps=1e-05, elementwise_affine=True)
      (op): SS2D(
        (out_norm): LayerNorm2d((128,), eps=1e-05, elementwise_affine=True)
        (in_proj): Linear2d(in_features=128, out_features=128, bias=False)
        (act): SiLU()
        (conv2d): Conv2d(128, 128, kernel_size=(3, 3), stride=(1, 1), padding=(1, 1), groups=128, bias=False)
        (out_act): Identity()
        (out_proj): Linear2d(in_features=128, out_features=128, bias=False)
        (dropout): Identity()
      )
      (drop_path): timm.DropPath(0)
      (norm2): LayerNorm2d((128,), eps=1e-05, elementwise_affine=True)
      (mlp): gdMlp(
        (project_in): Conv2d(128, 1024, kernel_size=(1, 1), stride=(1, 1))
        (dwconv): Conv2d(1024, 1024, kernel_size=(3, 3), stride=(1, 1), padding=(1, 1), groups=1024)
        (project_out): Conv2d(512, 128, kernel_size=(1, 1), stride=(1, 1))
        (act): GELU(approximate='none')
      )
    )
  )
  (branch1_decoders): ModuleList(
    (0): ModuleDict(
      (up): ConvTranspose2d(128, 64, kernel_size=(2, 2), stride=(2, 2))
      (fuse): Conv2d(128, 64, kernel_size=(1, 1), stride=(1, 1), bias=False)
      (block): Sequential(
        (0): VSSBlock(
          (norm): LayerNorm2d((64,), eps=1e-05, elementwise_affine=True)
          (op): SS2D(
            (out_norm): LayerNorm2d((64,), eps=1e-05, elementwise_affine=True)
            (in_proj): Linear2d(in_features=64, out_features=64, bias=False)
            (act): SiLU()
            (conv2d): Conv2d(64, 64, kernel_size=(3, 3), stride=(1, 1), padding=(1, 1), groups=64, bias=False)
            (out_act): Identity()
            (out_proj): Linear2d(in_features=64, out_features=64, bias=False)
            (dropout): Identity()
          )
          (drop_path): timm.DropPath(0)
          (norm2): LayerNorm2d((64,), eps=1e-05, elementwise_affine=True)
          (mlp): gdMlp(
            (project_in): Conv2d(64, 512, kernel_size=(1, 1), stride=(1, 1))
            (dwconv): Conv2d(512, 512, kernel_size=(3, 3), stride=(1, 1), padding=(1, 1), groups=512)
            (project_out): Conv2d(256, 64, kernel_size=(1, 1), stride=(1, 1))
            (act): GELU(approximate='none')
          )
        )
        (1): VSSBlock(
          (norm): LayerNorm2d((64,), eps=1e-05, elementwise_affine=True)
          (op): SS2D(
            (out_norm): LayerNorm2d((64,), eps=1e-05, elementwise_affine=True)
            (in_proj): Linear2d(in_features=64, out_features=64, bias=False)
            (act): SiLU()
            (conv2d): Conv2d(64, 64, kernel_size=(3, 3), stride=(1, 1), padding=(1, 1), groups=64, bias=False)
            (out_act): Identity()
            (out_proj): Linear2d(in_features=64, out_features=64, bias=False)
            (dropout): Identity()
          )
          (drop_path): timm.DropPath(0)
          (norm2): LayerNorm2d((64,), eps=1e-05, elementwise_affine=True)
          (mlp): gdMlp(
            (project_in): Conv2d(64, 512, kernel_size=(1, 1), stride=(1, 1))
            (dwconv): Conv2d(512, 512, kernel_size=(3, 3), stride=(1, 1), padding=(1, 1), groups=512)
            (project_out): Conv2d(256, 64, kernel_size=(1, 1), stride=(1, 1))
            (act): GELU(approximate='none')
          )
        )
      )
    )
    (1): ModuleDict(
      (up): ConvTranspose2d(64, 32, kernel_size=(2, 2), stride=(2, 2))
      (fuse): Conv2d(64, 32, kernel_size=(1, 1), stride=(1, 1), bias=False)
      (block): Sequential(
        (0): VSSBlock(
          (norm): LayerNorm2d((32,), eps=1e-05, elementwise_affine=True)
          (op): SS2D(
            (out_norm): LayerNorm2d((32,), eps=1e-05, elementwise_affine=True)
            (in_proj): Linear2d(in_features=32, out_features=32, bias=False)
            (act): SiLU()
            (conv2d): Conv2d(32, 32, kernel_size=(3, 3), stride=(1, 1), padding=(1, 1), groups=32, bias=False)
            (out_act): Identity()
            (out_proj): Linear2d(in_features=32, out_features=32, bias=False)
            (dropout): Identity()
          )
          (drop_path): timm.DropPath(0)
          (norm2): LayerNorm2d((32,), eps=1e-05, elementwise_affine=True)
          (mlp): gdMlp(
            (project_in): Conv2d(32, 256, kernel_size=(1, 1), stride=(1, 1))
            (dwconv): Conv2d(256, 256, kernel_size=(3, 3), stride=(1, 1), padding=(1, 1), groups=256)
            (project_out): Conv2d(128, 32, kernel_size=(1, 1), stride=(1, 1))
            (act): GELU(approximate='none')
          )
        )
        (1): VSSBlock(
          (norm): LayerNorm2d((32,), eps=1e-05, elementwise_affine=True)
          (op): SS2D(
            (out_norm): LayerNorm2d((32,), eps=1e-05, elementwise_affine=True)
            (in_proj): Linear2d(in_features=32, out_features=32, bias=False)
            (act): SiLU()
            (conv2d): Conv2d(32, 32, kernel_size=(3, 3), stride=(1, 1), padding=(1, 1), groups=32, bias=False)
            (out_act): Identity()
            (out_proj): Linear2d(in_features=32, out_features=32, bias=False)
            (dropout): Identity()
          )
          (drop_path): timm.DropPath(0)
          (norm2): LayerNorm2d((32,), eps=1e-05, elementwise_affine=True)
          (mlp): gdMlp(
            (project_in): Conv2d(32, 256, kernel_size=(1, 1), stride=(1, 1))
            (dwconv): Conv2d(256, 256, kernel_size=(3, 3), stride=(1, 1), padding=(1, 1), groups=256)
            (project_out): Conv2d(128, 32, kernel_size=(1, 1), stride=(1, 1))
            (act): GELU(approximate='none')
          )
        )
      )
    )
  )
  (branch1_proj): Conv2d(32, 32, kernel_size=(3, 3), stride=(1, 1), padding=(1, 1))
  (branch1_down_layers): ModuleList(
    (0): Conv2d(32, 64, kernel_size=(4, 4), stride=(2, 2), padding=(1, 1), bias=False)
    (1): Conv2d(64, 128, kernel_size=(4, 4), stride=(2, 2), padding=(1, 1), bias=False)
  )
  (branch2_first_conv): Conv2d(1, 32, kernel_size=(3, 3), stride=(1, 1), padding=(1, 1))
  (branch2_encoders): ModuleList(
    (0): Sequential(
      (0): VSSBlock(
        (norm): LayerNorm2d((32,), eps=1e-05, elementwise_affine=True)
        (op): SS2D(
          (out_norm): LayerNorm2d((32,), eps=1e-05, elementwise_affine=True)
          (in_proj): Linear2d(in_features=32, out_features=32, bias=False)
          (act): SiLU()
          (conv2d): Conv2d(32, 32, kernel_size=(3, 3), stride=(1, 1), padding=(1, 1), groups=32, bias=False)
          (out_act): Identity()
          (out_proj): Linear2d(in_features=32, out_features=32, bias=False)
          (dropout): Identity()
        )
        (drop_path): timm.DropPath(0)
        (norm2): LayerNorm2d((32,), eps=1e-05, elementwise_affine=True)
        (mlp): gdMlp(
          (project_in): Conv2d(32, 256, kernel_size=(1, 1), stride=(1, 1))
          (dwconv): Conv2d(256, 256, kernel_size=(3, 3), stride=(1, 1), padding=(1, 1), groups=256)
          (project_out): Conv2d(128, 32, kernel_size=(1, 1), stride=(1, 1))
          (act): GELU(approximate='none')
        )
      )
      (1): VSSBlock(
        (norm): LayerNorm2d((32,), eps=1e-05, elementwise_affine=True)
        (op): SS2D(
          (out_norm): LayerNorm2d((32,), eps=1e-05, elementwise_affine=True)
          (in_proj): Linear2d(in_features=32, out_features=32, bias=False)
          (act): SiLU()
          (conv2d): Conv2d(32, 32, kernel_size=(3, 3), stride=(1, 1), padding=(1, 1), groups=32, bias=False)
          (out_act): Identity()
          (out_proj): Linear2d(in_features=32, out_features=32, bias=False)
          (dropout): Identity()
        )
        (drop_path): timm.DropPath(0)
        (norm2): LayerNorm2d((32,), eps=1e-05, elementwise_affine=True)
        (mlp): gdMlp(
          (project_in): Conv2d(32, 256, kernel_size=(1, 1), stride=(1, 1))
          (dwconv): Conv2d(256, 256, kernel_size=(3, 3), stride=(1, 1), padding=(1, 1), groups=256)
          (project_out): Conv2d(128, 32, kernel_size=(1, 1), stride=(1, 1))
          (act): GELU(approximate='none')
        )
      )
    )
    (1): Sequential(
      (0): VSSBlock(
        (norm): LayerNorm2d((64,), eps=1e-05, elementwise_affine=True)
        (op): SS2D(
          (out_norm): LayerNorm2d((64,), eps=1e-05, elementwise_affine=True)
          (in_proj): Linear2d(in_features=64, out_features=64, bias=False)
          (act): SiLU()
          (conv2d): Conv2d(64, 64, kernel_size=(3, 3), stride=(1, 1), padding=(1, 1), groups=64, bias=False)
          (out_act): Identity()
          (out_proj): Linear2d(in_features=64, out_features=64, bias=False)
          (dropout): Identity()
        )
        (drop_path): timm.DropPath(0)
        (norm2): LayerNorm2d((64,), eps=1e-05, elementwise_affine=True)
        (mlp): gdMlp(
          (project_in): Conv2d(64, 512, kernel_size=(1, 1), stride=(1, 1))
          (dwconv): Conv2d(512, 512, kernel_size=(3, 3), stride=(1, 1), padding=(1, 1), groups=512)
          (project_out): Conv2d(256, 64, kernel_size=(1, 1), stride=(1, 1))
          (act): GELU(approximate='none')
        )
      )
      (1): VSSBlock(
        (norm): LayerNorm2d((64,), eps=1e-05, elementwise_affine=True)
        (op): SS2D(
          (out_norm): LayerNorm2d((64,), eps=1e-05, elementwise_affine=True)
          (in_proj): Linear2d(in_features=64, out_features=64, bias=False)
          (act): SiLU()
          (conv2d): Conv2d(64, 64, kernel_size=(3, 3), stride=(1, 1), padding=(1, 1), groups=64, bias=False)
          (out_act): Identity()
          (out_proj): Linear2d(in_features=64, out_features=64, bias=False)
          (dropout): Identity()
        )
        (drop_path): timm.DropPath(0)
        (norm2): LayerNorm2d((64,), eps=1e-05, elementwise_affine=True)
        (mlp): gdMlp(
          (project_in): Conv2d(64, 512, kernel_size=(1, 1), stride=(1, 1))
          (dwconv): Conv2d(512, 512, kernel_size=(3, 3), stride=(1, 1), padding=(1, 1), groups=512)
          (project_out): Conv2d(256, 64, kernel_size=(1, 1), stride=(1, 1))
          (act): GELU(approximate='none')
        )
      )
    )
  )
  (branch2_bottleneck): Sequential(
    (0): VSSBlock(
      (norm): LayerNorm2d((128,), eps=1e-05, elementwise_affine=True)
      (op): SS2D(
        (out_norm): LayerNorm2d((128,), eps=1e-05, elementwise_affine=True)
        (in_proj): Linear2d(in_features=128, out_features=128, bias=False)
        (act): SiLU()
        (conv2d): Conv2d(128, 128, kernel_size=(3, 3), stride=(1, 1), padding=(1, 1), groups=128, bias=False)
        (out_act): Identity()
        (out_proj): Linear2d(in_features=128, out_features=128, bias=False)
        (dropout): Identity()
      )
      (drop_path): timm.DropPath(0)
      (norm2): LayerNorm2d((128,), eps=1e-05, elementwise_affine=True)
      (mlp): gdMlp(
        (project_in): Conv2d(128, 1024, kernel_size=(1, 1), stride=(1, 1))
        (dwconv): Conv2d(1024, 1024, kernel_size=(3, 3), stride=(1, 1), padding=(1, 1), groups=1024)
        (project_out): Conv2d(512, 128, kernel_size=(1, 1), stride=(1, 1))
        (act): GELU(approximate='none')
      )
    )
    (1): VSSBlock(
      (norm): LayerNorm2d((128,), eps=1e-05, elementwise_affine=True)
      (op): SS2D(
        (out_norm): LayerNorm2d((128,), eps=1e-05, elementwise_affine=True)
        (in_proj): Linear2d(in_features=128, out_features=128, bias=False)
        (act): SiLU()
        (conv2d): Conv2d(128, 128, kernel_size=(3, 3), stride=(1, 1), padding=(1, 1), groups=128, bias=False)
        (out_act): Identity()
        (out_proj): Linear2d(in_features=128, out_features=128, bias=False)
        (dropout): Identity()
      )
      (drop_path): timm.DropPath(0)
      (norm2): LayerNorm2d((128,), eps=1e-05, elementwise_affine=True)
      (mlp): gdMlp(
        (project_in): Conv2d(128, 1024, kernel_size=(1, 1), stride=(1, 1))
        (dwconv): Conv2d(1024, 1024, kernel_size=(3, 3), stride=(1, 1), padding=(1, 1), groups=1024)
        (project_out): Conv2d(512, 128, kernel_size=(1, 1), stride=(1, 1))
        (act): GELU(approximate='none')
      )
    )
  )
  (branch2_decoders): ModuleList(
    (0): ModuleDict(
      (up): ConvTranspose2d(128, 64, kernel_size=(2, 2), stride=(2, 2))
      (fuse): Conv2d(128, 64, kernel_size=(1, 1), stride=(1, 1), bias=False)
      (block): Sequential(
        (0): VSSBlock(
          (norm): LayerNorm2d((64,), eps=1e-05, elementwise_affine=True)
          (op): SS2D(
            (out_norm): LayerNorm2d((64,), eps=1e-05, elementwise_affine=True)
            (in_proj): Linear2d(in_features=64, out_features=64, bias=False)
            (act): SiLU()
            (conv2d): Conv2d(64, 64, kernel_size=(3, 3), stride=(1, 1), padding=(1, 1), groups=64, bias=False)
            (out_act): Identity()
            (out_proj): Linear2d(in_features=64, out_features=64, bias=False)
            (dropout): Identity()
          )
          (drop_path): timm.DropPath(0)
          (norm2): LayerNorm2d((64,), eps=1e-05, elementwise_affine=True)
          (mlp): gdMlp(
            (project_in): Conv2d(64, 512, kernel_size=(1, 1), stride=(1, 1))
            (dwconv): Conv2d(512, 512, kernel_size=(3, 3), stride=(1, 1), padding=(1, 1), groups=512)
            (project_out): Conv2d(256, 64, kernel_size=(1, 1), stride=(1, 1))
            (act): GELU(approximate='none')
          )
        )
        (1): VSSBlock(
          (norm): LayerNorm2d((64,), eps=1e-05, elementwise_affine=True)
          (op): SS2D(
            (out_norm): LayerNorm2d((64,), eps=1e-05, elementwise_affine=True)
            (in_proj): Linear2d(in_features=64, out_features=64, bias=False)
            (act): SiLU()
            (conv2d): Conv2d(64, 64, kernel_size=(3, 3), stride=(1, 1), padding=(1, 1), groups=64, bias=False)
            (out_act): Identity()
            (out_proj): Linear2d(in_features=64, out_features=64, bias=False)
            (dropout): Identity()
          )
          (drop_path): timm.DropPath(0)
          (norm2): LayerNorm2d((64,), eps=1e-05, elementwise_affine=True)
          (mlp): gdMlp(
            (project_in): Conv2d(64, 512, kernel_size=(1, 1), stride=(1, 1))
            (dwconv): Conv2d(512, 512, kernel_size=(3, 3), stride=(1, 1), padding=(1, 1), groups=512)
            (project_out): Conv2d(256, 64, kernel_size=(1, 1), stride=(1, 1))
            (act): GELU(approximate='none')
          )
        )
      )
    )
    (1): ModuleDict(
      (up): ConvTranspose2d(64, 32, kernel_size=(2, 2), stride=(2, 2))
      (fuse): Conv2d(64, 32, kernel_size=(1, 1), stride=(1, 1), bias=False)
      (block): Sequential(
        (0): VSSBlock(
          (norm): LayerNorm2d((32,), eps=1e-05, elementwise_affine=True)
          (op): SS2D(
            (out_norm): LayerNorm2d((32,), eps=1e-05, elementwise_affine=True)
            (in_proj): Linear2d(in_features=32, out_features=32, bias=False)
            (act): SiLU()
            (conv2d): Conv2d(32, 32, kernel_size=(3, 3), stride=(1, 1), padding=(1, 1), groups=32, bias=False)
            (out_act): Identity()
            (out_proj): Linear2d(in_features=32, out_features=32, bias=False)
            (dropout): Identity()
          )
          (drop_path): timm.DropPath(0)
          (norm2): LayerNorm2d((32,), eps=1e-05, elementwise_affine=True)
          (mlp): gdMlp(
            (project_in): Conv2d(32, 256, kernel_size=(1, 1), stride=(1, 1))
            (dwconv): Conv2d(256, 256, kernel_size=(3, 3), stride=(1, 1), padding=(1, 1), groups=256)
            (project_out): Conv2d(128, 32, kernel_size=(1, 1), stride=(1, 1))
            (act): GELU(approximate='none')
          )
        )
        (1): VSSBlock(
          (norm): LayerNorm2d((32,), eps=1e-05, elementwise_affine=True)
          (op): SS2D(
            (out_norm): LayerNorm2d((32,), eps=1e-05, elementwise_affine=True)
            (in_proj): Linear2d(in_features=32, out_features=32, bias=False)
            (act): SiLU()
            (conv2d): Conv2d(32, 32, kernel_size=(3, 3), stride=(1, 1), padding=(1, 1), groups=32, bias=False)
            (out_act): Identity()
            (out_proj): Linear2d(in_features=32, out_features=32, bias=False)
            (dropout): Identity()
          )
          (drop_path): timm.DropPath(0)
          (norm2): LayerNorm2d((32,), eps=1e-05, elementwise_affine=True)
          (mlp): gdMlp(
            (project_in): Conv2d(32, 256, kernel_size=(1, 1), stride=(1, 1))
            (dwconv): Conv2d(256, 256, kernel_size=(3, 3), stride=(1, 1), padding=(1, 1), groups=256)
            (project_out): Conv2d(128, 32, kernel_size=(1, 1), stride=(1, 1))
            (act): GELU(approximate='none')
          )
        )
      )
    )
  )
  (branch2_proj): Conv2d(32, 32, kernel_size=(3, 3), stride=(1, 1), padding=(1, 1))
  (branch2_down_layers): ModuleList(
    (0): Conv2d(32, 64, kernel_size=(4, 4), stride=(2, 2), padding=(1, 1), bias=False)
    (1): Conv2d(64, 128, kernel_size=(4, 4), stride=(2, 2), padding=(1, 1), bias=False)
  )
  (cross_attention): WindowedCrossAttention(
    (query): Conv2d(32, 32, kernel_size=(1, 1), stride=(1, 1))
    (key): Conv2d(32, 32, kernel_size=(1, 1), stride=(1, 1))
    (value): Conv2d(32, 32, kernel_size=(1, 1), stride=(1, 1))
    (out): Conv2d(32, 32, kernel_size=(1, 1), stride=(1, 1))
  )
  (refinement): Sequential(
    (0): Conv2d(64, 32, kernel_size=(3, 3), stride=(1, 1), padding=(1, 1))
    (1): ReLU(inplace=True)
    (2): Conv2d(32, 3, kernel_size=(3, 3), stride=(1, 1), padding=(1, 1))
  )
)
2024-12-09 12:26:12,326 INFO: Start training from epoch: 0, iter: 0
2024-12-09 12:26:45,517 INFO: [TwoBr..][epoch:  1, iter:     100, lr:(2.000e-04,2.000e-04,)] [eta: 1 day, 0:25:32, time (data): 0.332 (0.009)] l_pix: 1.7714e-01 l_percep: 2.7847e+00 
2024-12-09 12:27:15,779 INFO: [TwoBr..][epoch:  3, iter:     200, lr:(2.000e-04,2.000e-04,)] [eta: 1 day, 0:48:26, time (data): 0.317 (0.010)] l_pix: 1.5601e-01 l_percep: 2.6126e+00 
2024-12-09 12:27:45,461 INFO: [TwoBr..][epoch:  4, iter:     300, lr:(2.000e-04,2.000e-04,)] [eta: 1 day, 0:46:11, time (data): 0.297 (0.006)] l_pix: 1.8012e-01 l_percep: 2.6313e+00 
2024-12-09 12:28:15,563 INFO: [TwoBr..][epoch:  6, iter:     400, lr:(2.000e-04,2.000e-04,)] [eta: 1 day, 0:50:01, time (data): 0.299 (0.008)] l_pix: 1.3157e-01 l_percep: 3.1679e+00 
2024-12-09 12:28:45,755 INFO: [TwoBr..][epoch:  8, iter:     500, lr:(2.000e-04,2.000e-04,)] [eta: 1 day, 0:53:02, time (data): 0.302 (0.010)] l_pix: 9.6151e-02 l_percep: 2.6093e+00 
2024-12-09 12:29:15,682 INFO: [TwoBr..][epoch:  9, iter:     600, lr:(2.000e-04,2.000e-04,)] [eta: 1 day, 0:52:40, time (data): 0.301 (0.008)] l_pix: 1.1570e-01 l_percep: 2.5603e+00 
2024-12-09 12:29:46,054 INFO: [TwoBr..][epoch: 11, iter:     700, lr:(2.000e-04,2.000e-04,)] [eta: 1 day, 0:55:26, time (data): 0.300 (0.006)] l_pix: 1.4719e-01 l_percep: 2.2834e+00 
2024-12-09 12:30:16,262 INFO: [TwoBr..][epoch: 13, iter:     800, lr:(2.000e-04,2.000e-04,)] [eta: 1 day, 0:56:21, time (data): 0.301 (0.008)] l_pix: 8.9570e-02 l_percep: 2.2010e+00 
2024-12-09 12:30:46,163 INFO: [TwoBr..][epoch: 14, iter:     900, lr:(2.000e-04,2.000e-04,)] [eta: 1 day, 0:55:16, time (data): 0.299 (0.007)] l_pix: 1.4894e-01 l_percep: 2.4747e+00 
2024-12-09 12:31:16,403 INFO: [TwoBr..][epoch: 16, iter:   1,000, lr:(2.000e-04,2.000e-04,)] [eta: 1 day, 0:55:59, time (data): 0.301 (0.008)] l_pix: 1.1225e-01 l_percep: 1.9871e+00 
2024-12-09 12:31:16,404 INFO: Saving models and training states.
2024-12-09 12:31:21,703 INFO: Validation ValSet,		 # psnr: 17.7884	 # ssim: 0.7003
2024-12-09 12:31:51,932 INFO: [TwoBr..][epoch: 18, iter:   1,100, lr:(2.000e-04,2.000e-04,)] [eta: 1 day, 1:20:25, time (data): 0.302 (0.010)] l_pix: 1.2387e-01 l_percep: 2.3111e+00 
2024-12-09 12:32:21,813 INFO: [TwoBr..][epoch: 19, iter:   1,200, lr:(2.000e-04,2.000e-04,)] [eta: 1 day, 1:17:15, time (data): 0.300 (0.009)] l_pix: 1.0078e-01 l_percep: 2.4978e+00 
2024-12-09 12:32:52,018 INFO: [TwoBr..][epoch: 21, iter:   1,300, lr:(2.000e-04,2.000e-04,)] [eta: 1 day, 1:15:44, time (data): 0.298 (0.007)] l_pix: 1.1027e-01 l_percep: 1.9021e+00 
2024-12-09 12:33:22,182 INFO: [TwoBr..][epoch: 23, iter:   1,400, lr:(2.000e-04,2.000e-04,)] [eta: 1 day, 1:14:14, time (data): 0.300 (0.009)] l_pix: 1.4033e-01 l_percep: 2.0098e+00 
2024-12-09 12:33:52,114 INFO: [TwoBr..][epoch: 24, iter:   1,500, lr:(2.000e-04,2.000e-04,)] [eta: 1 day, 1:12:05, time (data): 0.300 (0.007)] l_pix: 1.0101e-01 l_percep: 1.9031e+00 
